<?xml version="1.0" encoding="UTF-8"?>
<coverage generated="1779648061146" clover="3.2.0">
  <project timestamp="1779648061147" name="All files">
    <metrics statements="128" coveredstatements="119" conditionals="58" coveredconditionals="51" methods="9" coveredmethods="7" elements="195" coveredelements="177" complexity="0" loc="128" ncloc="128" packages="1" files="1" classes="1"/>
    <file name="algorithms.js" path="C:\projetos\teste\algorithms.js">
      <metrics statements="128" coveredstatements="119" conditionals="58" coveredconditionals="51" methods="9" coveredmethods="7"/>
      <line num="3" count="59" type="stmt"/>
      <line num="4" count="59" type="stmt"/>
      <line num="5" count="59" type="stmt"/>
      <line num="6" count="59" type="stmt"/>
      <line num="12" count="0" type="stmt"/>
      <line num="18" count="16" type="stmt"/>
      <line num="19" count="16" type="stmt"/>
      <line num="20" count="16" type="stmt"/>
      <line num="21" count="16" type="stmt"/>
      <line num="22" count="16" type="stmt"/>
      <line num="23" count="16" type="stmt"/>
      <line num="25" count="16" type="stmt"/>
      <line num="26" count="115" type="stmt"/>
      <line num="27" count="115" type="stmt"/>
      <line num="28" count="130" type="stmt"/>
      <line num="29" count="130" type="cond" truecount="2" falsecount="0"/>
      <line num="30" count="3" type="stmt"/>
      <line num="32" count="130" type="cond" truecount="2" falsecount="0"/>
      <line num="33" count="89" type="stmt"/>
      <line num="34" count="89" type="stmt"/>
      <line num="37" count="115" type="cond" truecount="2" falsecount="0"/>
      <line num="40" count="16" type="stmt"/>
      <line num="41" count="16" type="stmt"/>
      <line num="47" count="13" type="stmt"/>
      <line num="48" count="13" type="stmt"/>
      <line num="49" count="13" type="stmt"/>
      <line num="50" count="13" type="stmt"/>
      <line num="51" count="13" type="stmt"/>
      <line num="52" count="13" type="stmt"/>
      <line num="53" count="13" type="stmt"/>
      <line num="54" count="13" type="cond" truecount="2" falsecount="0"/>
      <line num="56" count="12" type="stmt"/>
      <line num="57" count="16" type="stmt"/>
      <line num="59" count="12" type="stmt"/>
      <line num="60" count="12" type="stmt"/>
      <line num="61" count="12" type="stmt"/>
      <line num="62" count="28" type="stmt"/>
      <line num="63" count="28" type="stmt"/>
      <line num="66" count="12" type="stmt"/>
      <line num="68" count="12" type="stmt"/>
      <line num="69" count="58" type="cond" truecount="2" falsecount="0"/>
      <line num="70" count="18" type="stmt"/>
      <line num="71" count="18" type="stmt"/>
      <line num="72" count="40" type="stmt"/>
      <line num="73" count="40" type="cond" truecount="2" falsecount="0"/>
      <line num="74" count="2" type="stmt"/>
      <line num="76" count="40" type="cond" truecount="1" falsecount="1"/>
      <line num="77" count="0" type="stmt"/>
      <line num="78" count="0" type="stmt"/>
      <line num="81" count="18" type="cond" truecount="1" falsecount="1"/>
      <line num="83" count="58" type="cond" truecount="2" falsecount="0"/>
      <line num="84" count="46" type="stmt"/>
      <line num="85" count="46" type="cond" truecount="2" falsecount="0"/>
      <line num="89" count="12" type="stmt"/>
      <line num="90" count="12" type="stmt"/>
      <line num="96" count="16" type="stmt"/>
      <line num="97" count="16" type="stmt"/>
      <line num="98" count="16" type="stmt"/>
      <line num="99" count="16" type="stmt"/>
      <line num="101" count="16" type="stmt"/>
      <line num="102" count="32" type="cond" truecount="2" falsecount="0"/>
      <line num="103" count="8" type="stmt"/>
      <line num="104" count="8" type="stmt"/>
      <line num="105" count="8" type="stmt"/>
      <line num="107" count="24" type="cond" truecount="2" falsecount="0"/>
      <line num="108" count="2" type="stmt"/>
      <line num="110" count="22" type="stmt"/>
      <line num="111" count="22" type="stmt"/>
      <line num="116" count="16" type="stmt"/>
      <line num="120" count="13" type="stmt"/>
      <line num="121" count="13" type="stmt"/>
      <line num="122" count="13" type="stmt"/>
      <line num="123" count="13" type="stmt"/>
      <line num="124" count="13" type="stmt"/>
      <line num="125" count="13" type="stmt"/>
      <line num="127" count="13" type="stmt"/>
      <line num="128" count="13" type="stmt"/>
      <line num="129" count="13" type="stmt"/>
      <line num="131" count="13" type="stmt"/>
      <line num="132" count="127" type="stmt"/>
      <line num="133" count="127" type="cond" truecount="2" falsecount="0"/>
      <line num="134" count="6" type="stmt"/>
      <line num="136" count="127" type="cond" truecount="2" falsecount="0"/>
      <line num="137" count="47" type="stmt"/>
      <line num="138" count="47" type="stmt"/>
      <line num="140" count="127" type="cond" truecount="2" falsecount="0"/>
      <line num="141" count="18" type="stmt"/>
      <line num="142" count="18" type="stmt"/>
      <line num="143" count="109" type="cond" truecount="4" falsecount="0"/>
      <line num="144" count="82" type="cond" truecount="2" falsecount="0"/>
      <line num="145" count="3" type="stmt"/>
      <line num="147" count="79" type="stmt"/>
      <line num="152" count="13" type="stmt"/>
      <line num="153" count="13" type="stmt"/>
      <line num="159" count="16" type="stmt"/>
      <line num="160" count="50" type="stmt"/>
      <line num="161" count="16" type="stmt"/>
      <line num="165" count="15" type="stmt"/>
      <line num="166" count="15" type="stmt"/>
      <line num="167" count="15" type="stmt"/>
      <line num="168" count="15" type="stmt"/>
      <line num="169" count="15" type="stmt"/>
      <line num="170" count="15" type="stmt"/>
      <line num="172" count="15" type="stmt"/>
      <line num="173" count="15" type="stmt"/>
      <line num="175" count="15" type="stmt"/>
      <line num="176" count="74" type="stmt"/>
      <line num="177" count="74" type="stmt"/>
      <line num="178" count="111" type="stmt"/>
      <line num="179" count="111" type="cond" truecount="2" falsecount="0"/>
      <line num="180" count="3" type="stmt"/>
      <line num="182" count="111" type="cond" truecount="2" falsecount="0"/>
      <line num="183" count="61" type="stmt"/>
      <line num="185" count="50" type="stmt"/>
      <line num="188" count="74" type="cond" truecount="2" falsecount="0"/>
      <line num="189" count="24" type="stmt"/>
      <line num="190" count="24" type="cond" truecount="4" falsecount="0"/>
      <line num="192" count="50" type="cond" truecount="2" falsecount="0"/>
      <line num="196" count="15" type="stmt"/>
      <line num="197" count="15" type="stmt"/>
      <line num="201" count="1" type="stmt"/>
      <line num="208" count="1" type="stmt"/>
      <line num="216" count="0" type="cond" truecount="0" falsecount="5"/>
      <line num="217" count="0" type="stmt"/>
      <line num="218" count="0" type="stmt"/>
      <line num="219" count="0" type="stmt"/>
      <line num="220" count="0" type="stmt"/>
      <line num="221" count="0" type="stmt"/>
    </file>
  </project>
</coverage>
