{"C:\\projetos\\teste\\algorithms.js": {"path":"C:\\projetos\\teste\\algorithms.js","statementMap":{"0":{"start":{"line":3,"column":4},"end":{"line":3,"column":27}},"1":{"start":{"line":4,"column":4},"end":{"line":4,"column":35}},"2":{"start":{"line":5,"column":4},"end":{"line":5,"column":25}},"3":{"start":{"line":6,"column":4},"end":{"line":6,"column":23}},"4":{"start":{"line":12,"column":4},"end":{"line":12,"column":55}},"5":{"start":{"line":18,"column":14},"end":{"line":18,"column":25}},"6":{"start":{"line":19,"column":14},"end":{"line":19,"column":28}},"7":{"start":{"line":20,"column":20},"end":{"line":20,"column":22}},"8":{"start":{"line":21,"column":22},"end":{"line":21,"column":23}},"9":{"start":{"line":22,"column":18},"end":{"line":22,"column":20}},"10":{"start":{"line":23,"column":18},"end":{"line":23,"column":35}},"11":{"start":{"line":25,"column":4},"end":{"line":38,"column":5}},"12":{"start":{"line":25,"column":17},"end":{"line":25,"column":18}},"13":{"start":{"line":26,"column":18},"end":{"line":26,"column":22}},"14":{"start":{"line":27,"column":6},"end":{"line":36,"column":7}},"15":{"start":{"line":27,"column":19},"end":{"line":27,"column":20}},"16":{"start":{"line":28,"column":8},"end":{"line":28,"column":22}},"17":{"start":{"line":29,"column":8},"end":{"line":31,"column":9}},"18":{"start":{"line":30,"column":10},"end":{"line":30,"column":112}},"19":{"start":{"line":32,"column":8},"end":{"line":35,"column":9}},"20":{"start":{"line":33,"column":10},"end":{"line":33,"column":24}},"21":{"start":{"line":34,"column":10},"end":{"line":34,"column":16}},"22":{"start":{"line":37,"column":6},"end":{"line":37,"column":33}},"23":{"start":{"line":37,"column":17},"end":{"line":37,"column":33}},"24":{"start":{"line":40,"column":16},"end":{"line":40,"column":33}},"25":{"start":{"line":41,"column":4},"end":{"line":41,"column":90}},"26":{"start":{"line":47,"column":14},"end":{"line":47,"column":17}},"27":{"start":{"line":48,"column":14},"end":{"line":48,"column":17}},"28":{"start":{"line":49,"column":14},"end":{"line":49,"column":25}},"29":{"start":{"line":50,"column":14},"end":{"line":50,"column":28}},"30":{"start":{"line":51,"column":20},"end":{"line":51,"column":22}},"31":{"start":{"line":52,"column":22},"end":{"line":52,"column":23}},"32":{"start":{"line":53,"column":18},"end":{"line":53,"column":20}},"33":{"start":{"line":54,"column":4},"end":{"line":54,"column":59}},"34":{"start":{"line":54,"column":17},"end":{"line":54,"column":59}},"35":{"start":{"line":56,"column":12},"end":{"line":56,"column":13}},"36":{"start":{"line":57,"column":4},"end":{"line":57,"column":52}},"37":{"start":{"line":57,"column":17},"end":{"line":57,"column":18}},"38":{"start":{"line":57,"column":36},"end":{"line":57,"column":52}},"39":{"start":{"line":59,"column":12},"end":{"line":59,"column":13}},"40":{"start":{"line":60,"column":12},"end":{"line":60,"column":13}},"41":{"start":{"line":61,"column":4},"end":{"line":64,"column":5}},"42":{"start":{"line":61,"column":17},"end":{"line":61,"column":18}},"43":{"start":{"line":62,"column":6},"end":{"line":62,"column":46}},"44":{"start":{"line":63,"column":6},"end":{"line":63,"column":43}},"45":{"start":{"line":66,"column":18},"end":{"line":66,"column":35}},"46":{"start":{"line":68,"column":4},"end":{"line":87,"column":5}},"47":{"start":{"line":68,"column":17},"end":{"line":68,"column":18}},"48":{"start":{"line":69,"column":6},"end":{"line":82,"column":7}},"49":{"start":{"line":70,"column":20},"end":{"line":70,"column":24}},"50":{"start":{"line":71,"column":8},"end":{"line":80,"column":9}},"51":{"start":{"line":71,"column":21},"end":{"line":71,"column":22}},"52":{"start":{"line":72,"column":10},"end":{"line":72,"column":24}},"53":{"start":{"line":73,"column":10},"end":{"line":75,"column":11}},"54":{"start":{"line":74,"column":12},"end":{"line":74,"column":119}},"55":{"start":{"line":76,"column":10},"end":{"line":79,"column":11}},"56":{"start":{"line":77,"column":12},"end":{"line":77,"column":26}},"57":{"start":{"line":78,"column":12},"end":{"line":78,"column":18}},"58":{"start":{"line":81,"column":8},"end":{"line":81,"column":35}},"59":{"start":{"line":81,"column":19},"end":{"line":81,"column":35}},"60":{"start":{"line":83,"column":6},"end":{"line":86,"column":7}},"61":{"start":{"line":84,"column":8},"end":{"line":84,"column":76}},"62":{"start":{"line":85,"column":8},"end":{"line":85,"column":26}},"63":{"start":{"line":85,"column":19},"end":{"line":85,"column":26}},"64":{"start":{"line":89,"column":16},"end":{"line":89,"column":33}},"65":{"start":{"line":90,"column":4},"end":{"line":90,"column":90}},"66":{"start":{"line":96,"column":14},"end":{"line":96,"column":28}},"67":{"start":{"line":97,"column":16},"end":{"line":97,"column":36}},"68":{"start":{"line":98,"column":14},"end":{"line":98,"column":15}},"69":{"start":{"line":99,"column":12},"end":{"line":99,"column":13}},"70":{"start":{"line":101,"column":4},"end":{"line":114,"column":5}},"71":{"start":{"line":102,"column":6},"end":{"line":113,"column":7}},"72":{"start":{"line":103,"column":8},"end":{"line":103,"column":14}},"73":{"start":{"line":104,"column":8},"end":{"line":104,"column":21}},"74":{"start":{"line":105,"column":8},"end":{"line":105,"column":12}},"75":{"start":{"line":107,"column":8},"end":{"line":112,"column":9}},"76":{"start":{"line":108,"column":10},"end":{"line":108,"column":29}},"77":{"start":{"line":110,"column":10},"end":{"line":110,"column":21}},"78":{"start":{"line":111,"column":10},"end":{"line":111,"column":14}},"79":{"start":{"line":116,"column":4},"end":{"line":116,"column":15}},"80":{"start":{"line":120,"column":14},"end":{"line":120,"column":25}},"81":{"start":{"line":121,"column":14},"end":{"line":121,"column":28}},"82":{"start":{"line":122,"column":16},"end":{"line":122,"column":40}},"83":{"start":{"line":123,"column":20},"end":{"line":123,"column":22}},"84":{"start":{"line":124,"column":22},"end":{"line":124,"column":23}},"85":{"start":{"line":125,"column":18},"end":{"line":125,"column":20}},"86":{"start":{"line":127,"column":12},"end":{"line":127,"column":13}},"87":{"start":{"line":128,"column":12},"end":{"line":128,"column":13}},"88":{"start":{"line":129,"column":18},"end":{"line":129,"column":35}},"89":{"start":{"line":131,"column":4},"end":{"line":150,"column":5}},"90":{"start":{"line":132,"column":6},"end":{"line":132,"column":20}},"91":{"start":{"line":133,"column":6},"end":{"line":135,"column":7}},"92":{"start":{"line":134,"column":8},"end":{"line":134,"column":119}},"93":{"start":{"line":136,"column":6},"end":{"line":139,"column":7}},"94":{"start":{"line":137,"column":8},"end":{"line":137,"column":12}},"95":{"start":{"line":138,"column":8},"end":{"line":138,"column":12}},"96":{"start":{"line":140,"column":6},"end":{"line":149,"column":7}},"97":{"start":{"line":141,"column":8},"end":{"line":141,"column":28}},"98":{"start":{"line":142,"column":8},"end":{"line":142,"column":23}},"99":{"start":{"line":143,"column":13},"end":{"line":149,"column":7}},"100":{"start":{"line":144,"column":8},"end":{"line":148,"column":9}},"101":{"start":{"line":145,"column":10},"end":{"line":145,"column":25}},"102":{"start":{"line":147,"column":10},"end":{"line":147,"column":14}},"103":{"start":{"line":152,"column":16},"end":{"line":152,"column":33}},"104":{"start":{"line":153,"column":4},"end":{"line":153,"column":90}},"105":{"start":{"line":159,"column":20},"end":{"line":159,"column":22}},"106":{"start":{"line":160,"column":4},"end":{"line":160,"column":69}},"107":{"start":{"line":160,"column":17},"end":{"line":160,"column":18}},"108":{"start":{"line":160,"column":45},"end":{"line":160,"column":69}},"109":{"start":{"line":161,"column":4},"end":{"line":161,"column":19}},"110":{"start":{"line":165,"column":14},"end":{"line":165,"column":25}},"111":{"start":{"line":166,"column":14},"end":{"line":166,"column":28}},"112":{"start":{"line":167,"column":20},"end":{"line":167,"column":46}},"113":{"start":{"line":168,"column":20},"end":{"line":168,"column":22}},"114":{"start":{"line":169,"column":22},"end":{"line":169,"column":23}},"115":{"start":{"line":170,"column":18},"end":{"line":170,"column":20}},"116":{"start":{"line":172,"column":12},"end":{"line":172,"column":13}},"117":{"start":{"line":173,"column":18},"end":{"line":173,"column":35}},"118":{"start":{"line":175,"column":4},"end":{"line":194,"column":5}},"119":{"start":{"line":176,"column":14},"end":{"line":176,"column":19}},"120":{"start":{"line":177,"column":6},"end":{"line":187,"column":7}},"121":{"start":{"line":178,"column":8},"end":{"line":178,"column":22}},"122":{"start":{"line":179,"column":8},"end":{"line":181,"column":9}},"123":{"start":{"line":180,"column":10},"end":{"line":180,"column":127}},"124":{"start":{"line":182,"column":8},"end":{"line":186,"column":9}},"125":{"start":{"line":183,"column":10},"end":{"line":183,"column":14}},"126":{"start":{"line":185,"column":10},"end":{"line":185,"column":16}},"127":{"start":{"line":188,"column":6},"end":{"line":193,"column":7}},"128":{"start":{"line":189,"column":8},"end":{"line":189,"column":24}},"129":{"start":{"line":190,"column":8},"end":{"line":190,"column":62}},"130":{"start":{"line":192,"column":8},"end":{"line":192,"column":59}},"131":{"start":{"line":196,"column":16},"end":{"line":196,"column":33}},"132":{"start":{"line":197,"column":4},"end":{"line":197,"column":90}},"133":{"start":{"line":201,"column":31},"end":{"line":206,"column":1}},"134":{"start":{"line":208,"column":35},"end":{"line":213,"column":1}},"135":{"start":{"line":216,"column":2},"end":{"line":222,"column":3}},"136":{"start":{"line":217,"column":18},"end":{"line":217,"column":43}},"137":{"start":{"line":218,"column":23},"end":{"line":218,"column":52}},"138":{"start":{"line":219,"column":16},"end":{"line":219,"column":39}},"139":{"start":{"line":220,"column":24},"end":{"line":220,"column":54}},"140":{"start":{"line":221,"column":13},"end":{"line":221,"column":64}}},"fnMap":{"0":{"name":"(anonymous_0)","decl":{"start":{"line":2,"column":2},"end":{"line":2,"column":3}},"loc":{"start":{"line":2,"column":56},"end":{"line":7,"column":3}},"line":2},"1":{"name":"(anonymous_1)","decl":{"start":{"line":11,"column":2},"end":{"line":11,"column":3}},"loc":{"start":{"line":11,"column":36},"end":{"line":13,"column":3}},"line":11},"2":{"name":"(anonymous_2)","decl":{"start":{"line":17,"column":2},"end":{"line":17,"column":3}},"loc":{"start":{"line":17,"column":44},"end":{"line":42,"column":3}},"line":17},"3":{"name":"(anonymous_3)","decl":{"start":{"line":46,"column":2},"end":{"line":46,"column":3}},"loc":{"start":{"line":46,"column":44},"end":{"line":91,"column":3}},"line":46},"4":{"name":"(anonymous_4)","decl":{"start":{"line":95,"column":2},"end":{"line":95,"column":3}},"loc":{"start":{"line":95,"column":22},"end":{"line":117,"column":3}},"line":95},"5":{"name":"(anonymous_5)","decl":{"start":{"line":119,"column":2},"end":{"line":119,"column":3}},"loc":{"start":{"line":119,"column":44},"end":{"line":154,"column":3}},"line":119},"6":{"name":"(anonymous_6)","decl":{"start":{"line":158,"column":2},"end":{"line":158,"column":3}},"loc":{"start":{"line":158,"column":24},"end":{"line":162,"column":3}},"line":158},"7":{"name":"(anonymous_7)","decl":{"start":{"line":164,"column":2},"end":{"line":164,"column":3}},"loc":{"start":{"line":164,"column":44},"end":{"line":198,"column":3}},"line":164},"8":{"name":"createStrategy","decl":{"start":{"line":215,"column":16},"end":{"line":215,"column":30}},"loc":{"start":{"line":215,"column":37},"end":{"line":223,"column":1}},"line":215}},"branchMap":{"0":{"loc":{"start":{"line":2,"column":44},"end":{"line":2,"column":54}},"type":"default-arg","locations":[{"start":{"line":2,"column":52},"end":{"line":2,"column":54}}],"line":2},"1":{"loc":{"start":{"line":17,"column":24},"end":{"line":17,"column":42}},"type":"default-arg","locations":[{"start":{"line":17,"column":37},"end":{"line":17,"column":42}}],"line":17},"2":{"loc":{"start":{"line":29,"column":8},"end":{"line":31,"column":9}},"type":"if","locations":[{"start":{"line":29,"column":8},"end":{"line":31,"column":9}},{"start":{},"end":{}}],"line":29},"3":{"loc":{"start":{"line":32,"column":8},"end":{"line":35,"column":9}},"type":"if","locations":[{"start":{"line":32,"column":8},"end":{"line":35,"column":9}},{"start":{},"end":{}}],"line":32},"4":{"loc":{"start":{"line":37,"column":6},"end":{"line":37,"column":33}},"type":"if","locations":[{"start":{"line":37,"column":6},"end":{"line":37,"column":33}},{"start":{},"end":{}}],"line":37},"5":{"loc":{"start":{"line":46,"column":24},"end":{"line":46,"column":42}},"type":"default-arg","locations":[{"start":{"line":46,"column":37},"end":{"line":46,"column":42}}],"line":46},"6":{"loc":{"start":{"line":54,"column":4},"end":{"line":54,"column":59}},"type":"if","locations":[{"start":{"line":54,"column":4},"end":{"line":54,"column":59}},{"start":{},"end":{}}],"line":54},"7":{"loc":{"start":{"line":69,"column":6},"end":{"line":82,"column":7}},"type":"if","locations":[{"start":{"line":69,"column":6},"end":{"line":82,"column":7}},{"start":{},"end":{}}],"line":69},"8":{"loc":{"start":{"line":73,"column":10},"end":{"line":75,"column":11}},"type":"if","locations":[{"start":{"line":73,"column":10},"end":{"line":75,"column":11}},{"start":{},"end":{}}],"line":73},"9":{"loc":{"start":{"line":76,"column":10},"end":{"line":79,"column":11}},"type":"if","locations":[{"start":{"line":76,"column":10},"end":{"line":79,"column":11}},{"start":{},"end":{}}],"line":76},"10":{"loc":{"start":{"line":81,"column":8},"end":{"line":81,"column":35}},"type":"if","locations":[{"start":{"line":81,"column":8},"end":{"line":81,"column":35}},{"start":{},"end":{}}],"line":81},"11":{"loc":{"start":{"line":83,"column":6},"end":{"line":86,"column":7}},"type":"if","locations":[{"start":{"line":83,"column":6},"end":{"line":86,"column":7}},{"start":{},"end":{}}],"line":83},"12":{"loc":{"start":{"line":85,"column":8},"end":{"line":85,"column":26}},"type":"if","locations":[{"start":{"line":85,"column":8},"end":{"line":85,"column":26}},{"start":{},"end":{}}],"line":85},"13":{"loc":{"start":{"line":102,"column":6},"end":{"line":113,"column":7}},"type":"if","locations":[{"start":{"line":102,"column":6},"end":{"line":113,"column":7}},{"start":{"line":106,"column":13},"end":{"line":113,"column":7}}],"line":102},"14":{"loc":{"start":{"line":107,"column":8},"end":{"line":112,"column":9}},"type":"if","locations":[{"start":{"line":107,"column":8},"end":{"line":112,"column":9}},{"start":{"line":109,"column":15},"end":{"line":112,"column":9}}],"line":107},"15":{"loc":{"start":{"line":119,"column":24},"end":{"line":119,"column":42}},"type":"default-arg","locations":[{"start":{"line":119,"column":37},"end":{"line":119,"column":42}}],"line":119},"16":{"loc":{"start":{"line":133,"column":6},"end":{"line":135,"column":7}},"type":"if","locations":[{"start":{"line":133,"column":6},"end":{"line":135,"column":7}},{"start":{},"end":{}}],"line":133},"17":{"loc":{"start":{"line":136,"column":6},"end":{"line":139,"column":7}},"type":"if","locations":[{"start":{"line":136,"column":6},"end":{"line":139,"column":7}},{"start":{},"end":{}}],"line":136},"18":{"loc":{"start":{"line":140,"column":6},"end":{"line":149,"column":7}},"type":"if","locations":[{"start":{"line":140,"column":6},"end":{"line":149,"column":7}},{"start":{"line":143,"column":13},"end":{"line":149,"column":7}}],"line":140},"19":{"loc":{"start":{"line":143,"column":13},"end":{"line":149,"column":7}},"type":"if","locations":[{"start":{"line":143,"column":13},"end":{"line":149,"column":7}},{"start":{},"end":{}}],"line":143},"20":{"loc":{"start":{"line":143,"column":17},"end":{"line":143,"column":48}},"type":"binary-expr","locations":[{"start":{"line":143,"column":17},"end":{"line":143,"column":22}},{"start":{"line":143,"column":26},"end":{"line":143,"column":48}}],"line":143},"21":{"loc":{"start":{"line":144,"column":8},"end":{"line":148,"column":9}},"type":"if","locations":[{"start":{"line":144,"column":8},"end":{"line":148,"column":9}},{"start":{"line":146,"column":15},"end":{"line":148,"column":9}}],"line":144},"22":{"loc":{"start":{"line":164,"column":24},"end":{"line":164,"column":42}},"type":"default-arg","locations":[{"start":{"line":164,"column":37},"end":{"line":164,"column":42}}],"line":164},"23":{"loc":{"start":{"line":179,"column":8},"end":{"line":181,"column":9}},"type":"if","locations":[{"start":{"line":179,"column":8},"end":{"line":181,"column":9}},{"start":{},"end":{}}],"line":179},"24":{"loc":{"start":{"line":182,"column":8},"end":{"line":186,"column":9}},"type":"if","locations":[{"start":{"line":182,"column":8},"end":{"line":186,"column":9}},{"start":{"line":184,"column":15},"end":{"line":186,"column":9}}],"line":182},"25":{"loc":{"start":{"line":188,"column":6},"end":{"line":193,"column":7}},"type":"if","locations":[{"start":{"line":188,"column":6},"end":{"line":193,"column":7}},{"start":{"line":191,"column":13},"end":{"line":193,"column":7}}],"line":188},"26":{"loc":{"start":{"line":190,"column":13},"end":{"line":190,"column":61}},"type":"cond-expr","locations":[{"start":{"line":190,"column":25},"end":{"line":190,"column":57}},{"start":{"line":190,"column":60},"end":{"line":190,"column":61}}],"line":190},"27":{"loc":{"start":{"line":190,"column":30},"end":{"line":190,"column":56}},"type":"binary-expr","locations":[{"start":{"line":190,"column":30},"end":{"line":190,"column":50}},{"start":{"line":190,"column":54},"end":{"line":190,"column":56}}],"line":190},"28":{"loc":{"start":{"line":192,"column":30},"end":{"line":192,"column":56}},"type":"binary-expr","locations":[{"start":{"line":192,"column":30},"end":{"line":192,"column":50}},{"start":{"line":192,"column":54},"end":{"line":192,"column":56}}],"line":192},"29":{"loc":{"start":{"line":216,"column":2},"end":{"line":222,"column":3}},"type":"switch","locations":[{"start":{"line":217,"column":4},"end":{"line":217,"column":43}},{"start":{"line":218,"column":4},"end":{"line":218,"column":52}},{"start":{"line":219,"column":4},"end":{"line":219,"column":39}},{"start":{"line":220,"column":4},"end":{"line":220,"column":54}},{"start":{"line":221,"column":4},"end":{"line":221,"column":64}}],"line":216}},"s":{"0":59,"1":59,"2":59,"3":59,"4":0,"5":16,"6":16,"7":16,"8":16,"9":16,"10":16,"11":16,"12":16,"13":115,"14":115,"15":115,"16":130,"17":130,"18":3,"19":130,"20":89,"21":89,"22":115,"23":26,"24":16,"25":16,"26":13,"27":13,"28":13,"29":13,"30":13,"31":13,"32":13,"33":13,"34":1,"35":12,"36":12,"37":12,"38":16,"39":12,"40":12,"41":12,"42":12,"43":28,"44":28,"45":12,"46":12,"47":12,"48":58,"49":18,"50":18,"51":18,"52":40,"53":40,"54":2,"55":40,"56":0,"57":0,"58":18,"59":18,"60":58,"61":46,"62":46,"63":44,"64":12,"65":12,"66":16,"67":16,"68":16,"69":16,"70":16,"71":32,"72":8,"73":8,"74":8,"75":24,"76":2,"77":22,"78":22,"79":16,"80":13,"81":13,"82":13,"83":13,"84":13,"85":13,"86":13,"87":13,"88":13,"89":13,"90":127,"91":127,"92":6,"93":127,"94":47,"95":47,"96":127,"97":18,"98":18,"99":109,"100":82,"101":3,"102":79,"103":13,"104":13,"105":16,"106":16,"107":16,"108":50,"109":16,"110":15,"111":15,"112":15,"113":15,"114":15,"115":15,"116":15,"117":15,"118":15,"119":74,"120":74,"121":111,"122":111,"123":3,"124":111,"125":61,"126":50,"127":74,"128":24,"129":24,"130":50,"131":15,"132":15,"133":1,"134":1,"135":0,"136":0,"137":0,"138":0,"139":0,"140":0},"f":{"0":59,"1":0,"2":16,"3":13,"4":16,"5":13,"6":16,"7":15,"8":0},"b":{"0":[1],"1":[15],"2":[3,127],"3":[89,41],"4":[26,89],"5":[12],"6":[1,12],"7":[18,40],"8":[2,38],"9":[0,40],"10":[18,0],"11":[46,12],"12":[44,2],"13":[8,24],"14":[2,22],"15":[12],"16":[6,121],"17":[47,80],"18":[18,109],"19":[82,27],"20":[109,109],"21":[3,79],"22":[14],"23":[3,108],"24":[61,50],"25":[24,50],"26":[19,5],"27":[19,11],"28":[50,45],"29":[0,0,0,0,0]},"_coverageSchema":"1a1c01bbd47fc00a2c39e90264f33305004495a9","hash":"b2dd19eaea134456a98fbd1f03b2086c2d78d5b0"}
}
