TN:
SF:algorithms.js
FN:2,(anonymous_0)
FN:11,(anonymous_1)
FN:17,(anonymous_2)
FN:46,(anonymous_3)
FN:95,(anonymous_4)
FN:119,(anonymous_5)
FN:158,(anonymous_6)
FN:164,(anonymous_7)
FN:215,createStrategy
FNF:9
FNH:7
FNDA:59,(anonymous_0)
FNDA:0,(anonymous_1)
FNDA:16,(anonymous_2)
FNDA:13,(anonymous_3)
FNDA:16,(anonymous_4)
FNDA:13,(anonymous_5)
FNDA:16,(anonymous_6)
FNDA:15,(anonymous_7)
FNDA:0,createStrategy
DA:3,59
DA:4,59
DA:5,59
DA:6,59
DA:12,0
DA:18,16
DA:19,16
DA:20,16
DA:21,16
DA:22,16
DA:23,16
DA:25,16
DA:26,115
DA:27,115
DA:28,130
DA:29,130
DA:30,3
DA:32,130
DA:33,89
DA:34,89
DA:37,115
DA:40,16
DA:41,16
DA:47,13
DA:48,13
DA:49,13
DA:50,13
DA:51,13
DA:52,13
DA:53,13
DA:54,13
DA:56,12
DA:57,16
DA:59,12
DA:60,12
DA:61,12
DA:62,28
DA:63,28
DA:66,12
DA:68,12
DA:69,58
DA:70,18
DA:71,18
DA:72,40
DA:73,40
DA:74,2
DA:76,40
DA:77,0
DA:78,0
DA:81,18
DA:83,58
DA:84,46
DA:85,46
DA:89,12
DA:90,12
DA:96,16
DA:97,16
DA:98,16
DA:99,16
DA:101,16
DA:102,32
DA:103,8
DA:104,8
DA:105,8
DA:107,24
DA:108,2
DA:110,22
DA:111,22
DA:116,16
DA:120,13
DA:121,13
DA:122,13
DA:123,13
DA:124,13
DA:125,13
DA:127,13
DA:128,13
DA:129,13
DA:131,13
DA:132,127
DA:133,127
DA:134,6
DA:136,127
DA:137,47
DA:138,47
DA:140,127
DA:141,18
DA:142,18
DA:143,109
DA:144,82
DA:145,3
DA:147,79
DA:152,13
DA:153,13
DA:159,16
DA:160,50
DA:161,16
DA:165,15
DA:166,15
DA:167,15
DA:168,15
DA:169,15
DA:170,15
DA:172,15
DA:173,15
DA:175,15
DA:176,74
DA:177,74
DA:178,111
DA:179,111
DA:180,3
DA:182,111
DA:183,61
DA:185,50
DA:188,74
DA:189,24
DA:190,24
DA:192,50
DA:196,15
DA:197,15
DA:201,1
DA:208,1
DA:216,0
DA:217,0
DA:218,0
DA:219,0
DA:220,0
DA:221,0
LF:128
LH:119
BRDA:2,0,0,1
BRDA:17,1,0,15
BRDA:29,2,0,3
BRDA:29,2,1,127
BRDA:32,3,0,89
BRDA:32,3,1,41
BRDA:37,4,0,26
BRDA:37,4,1,89
BRDA:46,5,0,12
BRDA:54,6,0,1
BRDA:54,6,1,12
BRDA:69,7,0,18
BRDA:69,7,1,40
BRDA:73,8,0,2
BRDA:73,8,1,38
BRDA:76,9,0,0
BRDA:76,9,1,40
BRDA:81,10,0,18
BRDA:81,10,1,0
BRDA:83,11,0,46
BRDA:83,11,1,12
BRDA:85,12,0,44
BRDA:85,12,1,2
BRDA:102,13,0,8
BRDA:102,13,1,24
BRDA:107,14,0,2
BRDA:107,14,1,22
BRDA:119,15,0,12
BRDA:133,16,0,6
BRDA:133,16,1,121
BRDA:136,17,0,47
BRDA:136,17,1,80
BRDA:140,18,0,18
BRDA:140,18,1,109
BRDA:143,19,0,82
BRDA:143,19,1,27
BRDA:143,20,0,109
BRDA:143,20,1,109
BRDA:144,21,0,3
BRDA:144,21,1,79
BRDA:164,22,0,14
BRDA:179,23,0,3
BRDA:179,23,1,108
BRDA:182,24,0,61
BRDA:182,24,1,50
BRDA:188,25,0,24
BRDA:188,25,1,50
BRDA:190,26,0,19
BRDA:190,26,1,5
BRDA:190,27,0,19
BRDA:190,27,1,11
BRDA:192,28,0,50
BRDA:192,28,1,45
BRDA:216,29,0,0
BRDA:216,29,1,0
BRDA:216,29,2,0
BRDA:216,29,3,0
BRDA:216,29,4,0
BRF:58
BRH:51
end_of_record
